TIME     : 2020-10-14 14:13:51
FILE     : VMCfgMgr.cpp
FUNCTION : CVMCfgMgr::getMachineEntry_Base
LINENUM  : 818
DETAIL   : Base files is missing!

TIME     : 2020-10-14 14:13:51
FILE     : VMCfgMgr.cpp
FUNCTION : CVMCfgMgr::getMachineEntry_Base
LINENUM  : 824
DETAIL   : Base snapshot is missing!

TIME     : 2020-10-14 14:14:05
FILE     : VBoxInternal.cpp
FUNCTION : VBI_CheckSystemDisk
LINENUM  : 1574
DETAIL   : errinfo=  

TIME     : 2020-10-14 14:14:05
FILE     : VBoxApi.cpp
FUNCTION : VB_RepBaseVM
LINENUM  : 391
DETAIL   : isBaseDisk1Exist : 1

TIME     : 2020-10-14 14:14:06
FILE     : VBoxApi.cpp
FUNCTION : VB_Init
LINENUM  : 608
DETAIL   : VBI_GetISession hr = 0

TIME     : 2020-10-14 14:14:06
FILE     : WorkThread.cpp
FUNCTION : CWorkThread::start
LINENUM  : 68
DETAIL   : WorkThread ID : 7880


TIME     : 2020-10-14 14:14:06
FILE     : WorkThread.cpp
FUNCTION : CWorkThread::start
LINENUM  : 68
DETAIL   : WorkThread ID : 7716


TIME     : 2020-10-14 14:14:06
FILE     : WorkThread.cpp
FUNCTION : CWorkThread::start
LINENUM  : 68
DETAIL   : WorkThread ID : 9024


TIME     : 2020-10-14 14:14:06
FILE     : WorkThread.cpp
FUNCTION : CWorkThread::start
LINENUM  : 68
DETAIL   : WorkThread ID : 10772


TIME     : 2020-10-14 14:14:06
FILE     : VBoxApi.cpp
FUNCTION : VB_FindMachine
LINENUM  : 1784
DETAIL   : Machine "nox" has been found.

TIME     : 2020-10-14 14:14:06
FILE     : VBoxApi.cpp
FUNCTION : VB_FindMachineEx
LINENUM  : 1156
DETAIL   : d2 p C:\Program Files\Nox\bin\BignoxVMS\nox\nox-disk2.vmdk

TIME     : 2020-10-14 14:14:07
FILE     : VBoxInternal.cpp
FUNCTION : VBI_CheckDiskRegist
LINENUM  : 1753
DETAIL   : errinfo=  

TIME     : 2020-10-14 14:14:07
FILE     : VBoxApi.cpp
FUNCTION : VB_FindMachineEx
LINENUM  : 1166
DETAIL   : VBI_CheckDisk2Regist RESULT 0

TIME     : 2020-10-14 14:14:07
FILE     : VBoxInternal.cpp
FUNCTION : VBI_CheckDiskRegist
LINENUM  : 1753
DETAIL   : errinfo=  

TIME     : 2020-10-14 14:14:07
FILE     : VBoxApi.cpp
FUNCTION : VB_FindMachineEx
LINENUM  : 1272
DETAIL   : VBI_CheckDisk1Regist RESULT 0

TIME     : 2020-10-14 14:14:07
FILE     : VBoxApi.cpp
FUNCTION : VB_FindMachineEx
LINENUM  : 1296
DETAIL   : Machine "nox" has been found.

TIME     : 2020-10-14 14:14:07
FILE     : VBoxApi.cpp
FUNCTION : VB_GetMachineState
LINENUM  : 1954
DETAIL   : Machine Status  = 4

TIME     : 2020-10-14 14:14:07
FILE     : VBoxApi.cpp
FUNCTION : VB_StopMachine
LINENUM  : 2289
DETAIL   : VB_StopMachine come in xa .

TIME     : 2020-10-14 14:14:07
FILE     : VBoxApi.cpp
FUNCTION : VB_StopMachine
LINENUM  : 2316
DETAIL   : "pConsole" is not allowed to be NULL 


TIME     : 2020-10-14 14:14:10
FILE     : VBoxApi.cpp
FUNCTION : VB_GetMachineState
LINENUM  : 1954
DETAIL   : Machine Status  = 4

TIME     : 2020-10-14 14:14:11
FILE     : VBoxApi.cpp
FUNCTION : VB_StartMachine
LINENUM  : 1996
DETAIL   : pV5Params=romx;0;romy;0;romwidth;1280;romheight;720;renderport;55001;callbackport;54001;rendertype;opengl;hwnd;393854;renderpath;libopenglrenderplus.dll;passthrough;NOXa.dll

TIME     : 2020-10-14 14:14:12
FILE     : VBoxApi.cpp
FUNCTION : VB_StartMachine
LINENUM  : 2014
DETAIL   : NoxVMHandle pID=11004

TIME     : 2020-10-14 14:14:18
FILE     : VBoxApi.cpp
FUNCTION : VB_GetMachineState
LINENUM  : 1954
DETAIL   : Machine Status  = 5

TIME     : 2020-10-14 14:14:19
FILE     : VBoxApi.cpp
FUNCTION : VB_GetMachineState
LINENUM  : 1954
DETAIL   : Machine Status  = 5

TIME     : 2020-10-14 14:14:19
FILE     : VBoxApi.cpp
FUNCTION : VB_RemoveSharedFolder
LINENUM  : 3905
DETAIL   : ErrorCode is "110". Detail : VB_ERR_REMOVE_SHAREDFOLDER_FAIL

TIME     : 2020-10-14 14:14:19
FILE     : VBoxApi.cpp
FUNCTION : VB_AddSharedFolder
LINENUM  : 3819
DETAIL   : ErrorCode is "110". Detail : VB_ERR_REMOVE_SHAREDFOLDER_FAIL

TIME     : 2020-10-14 14:14:19
FILE     : VBoxApi.cpp
FUNCTION : VB_RemoveSharedFolder
LINENUM  : 3905
DETAIL   : ErrorCode is "110". Detail : VB_ERR_REMOVE_SHAREDFOLDER_FAIL

TIME     : 2020-10-14 14:14:19
FILE     : VBoxApi.cpp
FUNCTION : VB_AddSharedFolder
LINENUM  : 3819
DETAIL   : ErrorCode is "110". Detail : VB_ERR_REMOVE_SHAREDFOLDER_FAIL

TIME     : 2020-10-14 14:14:19
FILE     : VBoxApi.cpp
FUNCTION : VB_RemoveSharedFolder
LINENUM  : 3905
DETAIL   : ErrorCode is "110". Detail : VB_ERR_REMOVE_SHAREDFOLDER_FAIL

TIME     : 2020-10-14 14:14:20
FILE     : VBoxApi.cpp
FUNCTION : VB_AddSharedFolder
LINENUM  : 3819
DETAIL   : ErrorCode is "110". Detail : VB_ERR_REMOVE_SHAREDFOLDER_FAIL

